<?xml version="1.0" encoding="UTF-8" ?>
<testsuites disabled="0" errors="0" failures="1" tests="2" time="6.814">
 <testsuite name="Demo Calculator Fucntion Test" timestamp="2021-03-09T15:38:57" hostname="localhost" time="6.814" errors="0" tests="2" skipped="0" disabled="0" failures="1">
  <testcase classname="Demo Calculator Fucntion Test" name="Addition Test" time="6.344" />
  <testcase classname="Demo Calculator Fucntion Test" name="Subtraction Test" time="0.466">
   <failure type="exception" message="Failed: homepage.clickGo1 is not a function"><![CDATA[TypeError: homepage.clickGo1 is not a function
    at UserContext.<anonymous> (/Users/simranjeet/Projects/ProtractorDemo/tests/calculate.js:29:18)
    at /usr/local/lib/node_modules/protractor/node_modules/jasminewd2/index.js:112:25
    at new ManagedPromise (/usr/local/lib/node_modules/protractor/node_modules/selenium-webdriver/lib/promise.js:1077:7)
    at ControlFlow.promise (/usr/local/lib/node_modules/protractor/node_modules/selenium-webdriver/lib/promise.js:2505:12)
    at schedulerExecute (/usr/local/lib/node_modules/protractor/node_modules/jasminewd2/index.js:95:18)
    at TaskQueue.execute_ (/usr/local/lib/node_modules/protractor/node_modules/selenium-webdriver/lib/promise.js:3084:14)
    at TaskQueue.executeNext_ (/usr/local/lib/node_modules/protractor/node_modules/selenium-webdriver/lib/promise.js:3067:27)
    at /usr/local/lib/node_modules/protractor/node_modules/selenium-webdriver/lib/promise.js:2927:27
    at /usr/local/lib/node_modules/protractor/node_modules/selenium-webdriver/lib/promise.js:668:7
    at processTicksAndRejections (internal/process/task_queues.js:93:5)
From: Task: Run it("Subtraction Test") in control flow
    at UserContext.<anonymous> (/usr/local/lib/node_modules/protractor/node_modules/jasminewd2/index.js:94:19)
    at attempt (/usr/local/lib/node_modules/protractor/node_modules/jasmine-core/lib/jasmine-core/jasmine.js:4297:26)
    at QueueRunner.run (/usr/local/lib/node_modules/protractor/node_modules/jasmine-core/lib/jasmine-core/jasmine.js:4217:20)
    at QueueRunner.execute (/usr/local/lib/node_modules/protractor/node_modules/jasmine-core/lib/jasmine-core/jasmine.js:4199:10)
    at Spec.queueRunnerFactory (/usr/local/lib/node_modules/protractor/node_modules/jasmine-core/lib/jasmine-core/jasmine.js:909:35)
    at Spec.execute (/usr/local/lib/node_modules/protractor/node_modules/jasmine-core/lib/jasmine-core/jasmine.js:526:10)
    at UserContext.fn (/usr/local/lib/node_modules/protractor/node_modules/jasmine-core/lib/jasmine-core/jasmine.js:5340:37)
    at attempt (/usr/local/lib/node_modules/protractor/node_modules/jasmine-core/lib/jasmine-core/jasmine.js:4297:26)
    at QueueRunner.run (/usr/local/lib/node_modules/protractor/node_modules/jasmine-core/lib/jasmine-core/jasmine.js:4217:20)
    at runNext (/usr/local/lib/node_modules/protractor/node_modules/jasmine-core/lib/jasmine-core/jasmine.js:4257:20)
From asynchronous test: 
Error
    at Suite.<anonymous> (/Users/simranjeet/Projects/ProtractorDemo/tests/calculate.js:21:5)
    at addSpecsToSuite (/usr/local/lib/node_modules/protractor/node_modules/jasmine-core/lib/jasmine-core/jasmine.js:1107:25)
    at Env.describe (/usr/local/lib/node_modules/protractor/node_modules/jasmine-core/lib/jasmine-core/jasmine.js:1074:7)
    at describe (/usr/local/lib/node_modules/protractor/node_modules/jasmine-core/lib/jasmine-core/jasmine.js:4399:18)
    at Object.<anonymous> (/Users/simranjeet/Projects/ProtractorDemo/tests/calculate.js:3:1)
    at Module._compile (internal/modules/cjs/loader.js:1063:30)
    at Object.Module._extensions..js (internal/modules/cjs/loader.js:1092:10)
    at Module.load (internal/modules/cjs/loader.js:928:32)
    at Function.Module._load (internal/modules/cjs/loader.js:769:14)]]>
   </failure>
  </testcase>
 </testsuite>
</testsuites>