<?xml version="1.0" encoding="UTF-8" ?>
<testsuites disabled="0" errors="0" failures="0" tests="2" time="10.312">
 <testsuite name="Demo Calculator Fucntion Test" timestamp="2021-03-10T13:05:51" hostname="localhost" time="10.312" errors="0" tests="2" skipped="0" disabled="0" failures="0">
  <testcase classname="Demo Calculator Fucntion Test" name="Addition Test" time="5.075" />
  <testcase classname="Demo Calculator Fucntion Test" name="Subtraction Test" time="5.232" />
 </testsuite>
</testsuites>